2025-07-13 22:16:04,053 | __main__ | INFO | Starting TCAP v3 Automated Trading System
2025-07-13 22:16:04,053 | __main__ | INFO | ============================================================
2025-07-13 22:16:04,053 | __main__ | INFO | Starting Capital: $5,000.00
2025-07-13 22:16:04,054 | __main__ | INFO | Target (12 months): $44,650.00
2025-07-13 22:16:04,054 | __main__ | INFO | Max Position Size: 12%
2025-07-13 22:16:04,054 | __main__ | INFO | Daily Loss Limit: $250
2025-07-13 22:16:04,054 | __main__ | INFO | Max Leverage: 5x
2025-07-13 22:16:04,054 | __main__ | INFO | Paper Trading: YES
2025-07-13 22:16:04,054 | __main__ | INFO | ============================================================
2025-07-13 22:16:04,055 | __main__ | INFO | Initializing trading components...
2025-07-13 22:16:04,055 | order_executor | INFO | Starting TCAP v3 Order Executor...
2025-07-13 22:16:04,055 | order_executor | INFO | Paper trading mode enabled
2025-07-13 22:16:04,055 | __main__ | INFO | Current account balance: $5000.00
2025-07-13 22:16:04,055 | market_scanner | INFO | Starting TCAP v3 Market Scanner...
2025-07-13 22:16:04,055 | market_scanner | INFO | Starting market scan #1
2025-07-13 22:16:04,306 | market_scanner | INFO | Found 449 active USDT futures pairs
2025-07-13 22:16:04,463 | market_scanner | INFO | Retrieved ticker data for 526 symbols
2025-07-13 22:16:04,464 | market_scanner | INFO | Scan #1 completed in 0.41s
2025-07-13 22:16:04,465 | market_scanner | INFO | Scanned 487 pairs, 23 candidates found
2025-07-13 22:16:04,465 | market_scanner | INFO | Top candidates:
2025-07-13 22:16:04,465 | market_scanner | INFO |    1. AINUSDT: +33.5% (Vol: $204.3M)
2025-07-13 22:16:04,465 | market_scanner | INFO |    2. PENGUUSDT: +26.9% (Vol: $833.3M)
2025-07-13 22:16:04,465 | market_scanner | INFO |    3. AUCTIONUSDT: +23.6% (Vol: $483.1M)
2025-07-13 22:16:04,465 | market_scanner | INFO |    4. MAVIAUSDT: +22.5% (Vol: $17.1M)
2025-07-13 22:16:04,465 | market_scanner | INFO |    5. HBARUSDT: +22.5% (Vol: $472.6M)
2025-07-13 22:16:04,466 | market_scanner | INFO | Market scanner initialized successfully
2025-07-13 22:16:04,466 | signal_generator | INFO | TARGET: Starting TCAP v3 Signal Generator...
2025-07-13 22:16:04,466 | signal_generator | INFO | Signal generator initialized successfully
2025-07-13 22:16:04,466 | __main__ | INFO | All components initialized successfully
2025-07-13 22:16:04,466 | __main__ | INFO | Starting continuous monitoring system...
2025-07-13 22:16:04,466 | __main__ | INFO | Starting continuous monitoring...
2025-07-13 22:16:04,466 | __main__ | INFO | TCAP v3 is now running continuously in the background
2025-07-13 22:16:04,466 | __main__ | INFO | Press Ctrl+C to stop the system
2025-07-13 22:16:09,474 | __main__ | INFO | Auto-updating trading system...
2025-07-13 22:16:09,475 | market_scanner | INFO | Starting market scan #2
2025-07-13 22:16:09,609 | market_scanner | INFO | Found 449 active USDT futures pairs
2025-07-13 22:16:09,745 | market_scanner | INFO | Retrieved ticker data for 526 symbols
2025-07-13 22:16:09,748 | market_scanner | INFO | Scan #2 completed in 0.27s
2025-07-13 22:16:09,748 | market_scanner | INFO | Scanned 487 pairs, 21 candidates found
2025-07-13 22:16:09,748 | market_scanner | INFO | Top candidates:
2025-07-13 22:16:09,749 | market_scanner | INFO |    1. AINUSDT: +34.3% (Vol: $204.3M)
2025-07-13 22:16:09,749 | market_scanner | INFO |    2. PENGUUSDT: +27.0% (Vol: $833.3M)
2025-07-13 22:16:09,749 | market_scanner | INFO |    3. AUCTIONUSDT: +24.1% (Vol: $483.1M)
2025-07-13 22:16:09,749 | market_scanner | INFO |    4. MAVIAUSDT: +23.1% (Vol: $17.1M)
2025-07-13 22:16:09,750 | market_scanner | INFO |    5. HBARUSDT: +23.1% (Vol: $472.6M)
2025-07-13 22:16:09,751 | market_scanner | INFO | Retrieved 21 latest candidates
2025-07-13 22:16:09,751 | __main__ | INFO | Processing 21 market candidates...
2025-07-13 22:16:12,297 | __main__ | INFO | Generated 0 high-quality signals (>=58% confidence)
2025-07-13 22:16:12,298 | __main__ | INFO | Continuous update cycle completed
2025-07-13 22:16:27,302 | __main__ | INFO | Auto-updating trading system...
2025-07-13 22:16:27,303 | market_scanner | INFO | Starting market scan #3
2025-07-13 22:16:27,438 | market_scanner | INFO | Found 449 active USDT futures pairs
2025-07-13 22:16:27,570 | market_scanner | INFO | Retrieved ticker data for 526 symbols
2025-07-13 22:16:27,572 | market_scanner | INFO | Scan #3 completed in 0.27s
2025-07-13 22:16:27,573 | market_scanner | INFO | Scanned 487 pairs, 21 candidates found
2025-07-13 22:16:27,573 | market_scanner | INFO | Top candidates:
2025-07-13 22:16:27,573 | market_scanner | INFO |    1. AINUSDT: +34.1% (Vol: $204.4M)
2025-07-13 22:16:27,573 | market_scanner | INFO |    2. PENGUUSDT: +27.0% (Vol: $833.7M)
2025-07-13 22:16:27,573 | market_scanner | INFO |    3. AUCTIONUSDT: +24.2% (Vol: $483.1M)
2025-07-13 22:16:27,573 | market_scanner | INFO |    4. HBARUSDT: +23.4% (Vol: $472.9M)
2025-07-13 22:16:27,573 | market_scanner | INFO |    5. MAVIAUSDT: +23.1% (Vol: $17.2M)
2025-07-13 22:16:27,573 | market_scanner | INFO | Retrieved 21 latest candidates
2025-07-13 22:16:27,574 | __main__ | INFO | Processing 21 market candidates...
2025-07-13 22:16:30,006 | __main__ | INFO | Generated 0 high-quality signals (>=58% confidence)
2025-07-13 22:16:30,007 | __main__ | INFO | Continuous update cycle completed
2025-07-13 22:16:45,008 | __main__ | INFO | Auto-updating trading system...
2025-07-13 22:16:45,009 | market_scanner | INFO | Starting market scan #4
2025-07-13 22:16:45,142 | market_scanner | INFO | Found 449 active USDT futures pairs
2025-07-13 22:16:45,270 | market_scanner | INFO | Retrieved ticker data for 526 symbols
2025-07-13 22:16:45,271 | market_scanner | INFO | Scan #4 completed in 0.26s
2025-07-13 22:16:45,272 | market_scanner | INFO | Scanned 487 pairs, 21 candidates found
2025-07-13 22:16:45,272 | market_scanner | INFO | Top candidates:
2025-07-13 22:16:45,272 | market_scanner | INFO |    1. AINUSDT: +34.1% (Vol: $204.4M)
2025-07-13 22:16:45,272 | market_scanner | INFO |    2. PENGUUSDT: +26.7% (Vol: $834.0M)
2025-07-13 22:16:45,272 | market_scanner | INFO |    3. AUCTIONUSDT: +24.3% (Vol: $483.1M)
2025-07-13 22:16:45,272 | market_scanner | INFO |    4. MAVIAUSDT: +23.3% (Vol: $17.2M)
2025-07-13 22:16:45,272 | market_scanner | INFO |    5. HBARUSDT: +23.0% (Vol: $473.2M)
2025-07-13 22:16:45,273 | market_scanner | INFO | Retrieved 21 latest candidates
2025-07-13 22:16:45,273 | __main__ | INFO | Processing 21 market candidates...
2025-07-13 22:16:47,723 | __main__ | INFO | Generated 0 high-quality signals (>=58% confidence)
2025-07-13 22:16:47,724 | __main__ | INFO | Continuous update cycle completed
2025-07-13 22:17:02,738 | __main__ | INFO | Auto-updating trading system...
2025-07-13 22:17:02,738 | market_scanner | INFO | Starting market scan #5
2025-07-13 22:17:02,875 | market_scanner | INFO | Found 449 active USDT futures pairs
2025-07-13 22:17:03,006 | market_scanner | INFO | Retrieved ticker data for 526 symbols
2025-07-13 22:17:03,008 | market_scanner | INFO | Scan #5 completed in 0.27s
2025-07-13 22:17:03,008 | market_scanner | INFO | Scanned 487 pairs, 21 candidates found
2025-07-13 22:17:03,008 | market_scanner | INFO | Top candidates:
2025-07-13 22:17:03,008 | market_scanner | INFO |    1. AINUSDT: +34.3% (Vol: $204.5M)
2025-07-13 22:17:03,008 | market_scanner | INFO |    2. PENGUUSDT: +26.9% (Vol: $834.1M)
2025-07-13 22:17:03,009 | market_scanner | INFO |    3. AUCTIONUSDT: +23.9% (Vol: $483.2M)
2025-07-13 22:17:03,009 | market_scanner | INFO |    4. HBARUSDT: +23.3% (Vol: $473.5M)
2025-07-13 22:17:03,009 | market_scanner | INFO |    5. MAVIAUSDT: +22.4% (Vol: $17.3M)
2025-07-13 22:17:03,009 | market_scanner | INFO | Retrieved 21 latest candidates
2025-07-13 22:17:03,009 | __main__ | INFO | Processing 21 market candidates...
2025-07-13 22:17:05,438 | __main__ | INFO | Generated 0 high-quality signals (>=58% confidence)
2025-07-13 22:17:05,438 | __main__ | INFO | Continuous update cycle completed
2025-07-13 22:17:20,451 | __main__ | INFO | Auto-updating trading system...
2025-07-13 22:17:20,452 | market_scanner | INFO | Starting market scan #6
2025-07-13 22:17:20,590 | market_scanner | INFO | Found 449 active USDT futures pairs
2025-07-13 22:17:20,722 | market_scanner | INFO | Retrieved ticker data for 526 symbols
2025-07-13 22:17:20,723 | market_scanner | INFO | Scan #6 completed in 0.27s
2025-07-13 22:17:20,724 | market_scanner | INFO | Scanned 487 pairs, 22 candidates found
2025-07-13 22:17:20,724 | market_scanner | INFO | Top candidates:
2025-07-13 22:17:20,724 | market_scanner | INFO |    1. AINUSDT: +36.5% (Vol: $204.3M)
2025-07-13 22:17:20,724 | market_scanner | INFO |    2. PENGUUSDT: +26.7% (Vol: $833.9M)
2025-07-13 22:17:20,724 | market_scanner | INFO |    3. AUCTIONUSDT: +23.6% (Vol: $483.2M)
2025-07-13 22:17:20,724 | market_scanner | INFO |    4. HBARUSDT: +23.5% (Vol: $473.8M)
2025-07-13 22:17:20,724 | market_scanner | INFO |    5. MAVIAUSDT: +22.8% (Vol: $17.3M)
2025-07-13 22:17:20,725 | market_scanner | INFO | Retrieved 22 latest candidates
2025-07-13 22:17:20,725 | __main__ | INFO | Processing 22 market candidates...
2025-07-13 22:17:23,294 | __main__ | INFO | Generated 0 high-quality signals (>=58% confidence)
2025-07-13 22:17:23,295 | __main__ | INFO | Continuous update cycle completed
2025-07-13 22:17:38,306 | __main__ | INFO | Auto-updating trading system...
2025-07-13 22:17:38,307 | market_scanner | INFO | Starting market scan #7
2025-07-13 22:17:38,444 | market_scanner | INFO | Found 449 active USDT futures pairs
2025-07-13 22:17:38,573 | market_scanner | INFO | Retrieved ticker data for 526 symbols
2025-07-13 22:17:38,576 | market_scanner | INFO | Scan #7 completed in 0.27s
2025-07-13 22:17:38,576 | market_scanner | INFO | Scanned 487 pairs, 23 candidates found
2025-07-13 22:17:38,577 | market_scanner | INFO | Top candidates:
2025-07-13 22:17:38,577 | market_scanner | INFO |    1. AINUSDT: +36.7% (Vol: $204.4M)
2025-07-13 22:17:38,577 | market_scanner | INFO |    2. PENGUUSDT: +26.7% (Vol: $834.2M)
2025-07-13 22:17:38,577 | market_scanner | INFO |    3. AUCTIONUSDT: +24.2% (Vol: $483.2M)
2025-07-13 22:17:38,577 | market_scanner | INFO |    4. HBARUSDT: +23.5% (Vol: $474.3M)
2025-07-13 22:17:38,578 | market_scanner | INFO |    5. MAVIAUSDT: +22.6% (Vol: $17.3M)
2025-07-13 22:17:38,579 | market_scanner | INFO | Retrieved 23 latest candidates
2025-07-13 22:17:38,580 | __main__ | INFO | Processing 23 market candidates...
2025-07-13 22:17:41,290 | __main__ | INFO | Generated 0 high-quality signals (>=58% confidence)
2025-07-13 22:17:41,290 | __main__ | INFO | Continuous update cycle completed
2025-07-13 22:17:56,290 | __main__ | INFO | Auto-updating trading system...
2025-07-13 22:17:56,291 | market_scanner | INFO | Starting market scan #8
2025-07-13 22:17:56,426 | market_scanner | INFO | Found 449 active USDT futures pairs
2025-07-13 22:17:56,622 | market_scanner | INFO | Retrieved ticker data for 526 symbols
2025-07-13 22:17:56,624 | market_scanner | INFO | Scan #8 completed in 0.33s
2025-07-13 22:17:56,624 | market_scanner | INFO | Scanned 487 pairs, 22 candidates found
2025-07-13 22:17:56,624 | market_scanner | INFO | Top candidates:
2025-07-13 22:17:56,624 | market_scanner | INFO |    1. AINUSDT: +36.2% (Vol: $204.4M)
2025-07-13 22:17:56,624 | market_scanner | INFO |    2. PENGUUSDT: +26.8% (Vol: $834.3M)
2025-07-13 22:17:56,625 | market_scanner | INFO |    3. AUCTIONUSDT: +24.2% (Vol: $483.3M)
2025-07-13 22:17:56,625 | market_scanner | INFO |    4. HBARUSDT: +23.4% (Vol: $474.4M)
2025-07-13 22:17:56,625 | market_scanner | INFO |    5. MAVIAUSDT: +22.4% (Vol: $17.3M)
2025-07-13 22:17:56,625 | market_scanner | INFO | Retrieved 22 latest candidates
2025-07-13 22:17:56,625 | __main__ | INFO | Processing 22 market candidates...
2025-07-13 22:17:59,185 | __main__ | INFO | Generated 0 high-quality signals (>=58% confidence)
2025-07-13 22:17:59,185 | __main__ | INFO | Continuous update cycle completed
2025-07-13 22:18:14,197 | __main__ | INFO | Auto-updating trading system...
2025-07-13 22:18:14,198 | market_scanner | INFO | Starting market scan #9
2025-07-13 22:18:14,332 | market_scanner | INFO | Found 449 active USDT futures pairs
2025-07-13 22:18:14,459 | market_scanner | INFO | Retrieved ticker data for 526 symbols
2025-07-13 22:18:14,461 | market_scanner | INFO | Scan #9 completed in 0.26s
2025-07-13 22:18:14,461 | market_scanner | INFO | Scanned 487 pairs, 22 candidates found
2025-07-13 22:18:14,461 | market_scanner | INFO | Top candidates:
2025-07-13 22:18:14,462 | market_scanner | INFO |    1. AINUSDT: +36.0% (Vol: $204.3M)
2025-07-13 22:18:14,462 | market_scanner | INFO |    2. PENGUUSDT: +26.7% (Vol: $833.8M)
2025-07-13 22:18:14,462 | market_scanner | INFO |    3. AUCTIONUSDT: +24.3% (Vol: $483.3M)
2025-07-13 22:18:14,462 | market_scanner | INFO |    4. HBARUSDT: +23.0% (Vol: $474.6M)
2025-07-13 22:18:14,462 | market_scanner | INFO |    5. MAVIAUSDT: +22.8% (Vol: $17.4M)
2025-07-13 22:18:14,462 | market_scanner | INFO | Retrieved 22 latest candidates
2025-07-13 22:18:14,463 | __main__ | INFO | Processing 22 market candidates...
2025-07-13 22:18:17,036 | __main__ | INFO | Generated 0 high-quality signals (>=58% confidence)
2025-07-13 22:18:17,036 | __main__ | INFO | Continuous update cycle completed
2025-07-13 22:18:32,047 | __main__ | INFO | Auto-updating trading system...
2025-07-13 22:18:32,049 | market_scanner | INFO | Starting market scan #10
2025-07-13 22:18:32,187 | market_scanner | INFO | Found 449 active USDT futures pairs
2025-07-13 22:18:32,314 | market_scanner | INFO | Retrieved ticker data for 526 symbols
2025-07-13 22:18:32,316 | market_scanner | INFO | Scan #10 completed in 0.27s
2025-07-13 22:18:32,316 | market_scanner | INFO | Scanned 487 pairs, 23 candidates found
2025-07-13 22:18:32,316 | market_scanner | INFO | Top candidates:
2025-07-13 22:18:32,316 | market_scanner | INFO |    1. AINUSDT: +36.1% (Vol: $204.3M)
2025-07-13 22:18:32,316 | market_scanner | INFO |    2. PENGUUSDT: +26.7% (Vol: $834.0M)
2025-07-13 22:18:32,317 | market_scanner | INFO |    3. AUCTIONUSDT: +24.3% (Vol: $483.3M)
2025-07-13 22:18:32,317 | market_scanner | INFO |    4. MAVIAUSDT: +23.0% (Vol: $17.4M)
2025-07-13 22:18:32,317 | market_scanner | INFO |    5. HBARUSDT: +22.8% (Vol: $475.3M)
2025-07-13 22:18:32,317 | market_scanner | INFO | Retrieved 23 latest candidates
2025-07-13 22:18:32,318 | __main__ | INFO | Processing 23 market candidates...
2025-07-13 22:18:35,277 | __main__ | INFO | Generated 0 high-quality signals (>=58% confidence)
2025-07-13 22:18:35,278 | __main__ | INFO | Continuous update cycle completed
2025-07-13 22:18:50,282 | __main__ | INFO | Auto-updating trading system...
2025-07-13 22:18:50,283 | market_scanner | INFO | Starting market scan #11
2025-07-13 22:18:50,419 | market_scanner | INFO | Found 449 active USDT futures pairs
2025-07-13 22:18:50,548 | market_scanner | INFO | Retrieved ticker data for 526 symbols
2025-07-13 22:18:50,549 | market_scanner | INFO | Scan #11 completed in 0.27s
2025-07-13 22:18:50,549 | market_scanner | INFO | Scanned 487 pairs, 22 candidates found
2025-07-13 22:18:50,550 | market_scanner | INFO | Top candidates:
2025-07-13 22:18:50,550 | market_scanner | INFO |    1. AINUSDT: +36.1% (Vol: $204.3M)
2025-07-13 22:18:50,550 | market_scanner | INFO |    2. PENGUUSDT: +26.7% (Vol: $834.5M)
2025-07-13 22:18:50,550 | market_scanner | INFO |    3. AUCTIONUSDT: +24.4% (Vol: $483.5M)
2025-07-13 22:18:50,550 | market_scanner | INFO |    4. MAVIAUSDT: +23.0% (Vol: $17.4M)
2025-07-13 22:18:50,550 | market_scanner | INFO |    5. HBARUSDT: +22.7% (Vol: $475.7M)
2025-07-13 22:18:50,550 | market_scanner | INFO | Retrieved 22 latest candidates
2025-07-13 22:18:50,550 | __main__ | INFO | Processing 22 market candidates...
2025-07-13 22:18:53,104 | __main__ | INFO | Generated 0 high-quality signals (>=58% confidence)
2025-07-13 22:18:53,104 | __main__ | INFO | Continuous update cycle completed
2025-07-13 22:19:08,112 | __main__ | INFO | Auto-updating trading system...
2025-07-13 22:19:08,113 | market_scanner | INFO | Starting market scan #12
2025-07-13 22:19:08,247 | market_scanner | INFO | Found 449 active USDT futures pairs
2025-07-13 22:19:08,377 | market_scanner | INFO | Retrieved ticker data for 526 symbols
2025-07-13 22:19:08,379 | market_scanner | INFO | Scan #12 completed in 0.27s
2025-07-13 22:19:08,379 | market_scanner | INFO | Scanned 487 pairs, 21 candidates found
2025-07-13 22:19:08,379 | market_scanner | INFO | Top candidates:
2025-07-13 22:19:08,379 | market_scanner | INFO |    1. AINUSDT: +34.8% (Vol: $204.3M)
2025-07-13 22:19:08,379 | market_scanner | INFO |    2. PENGUUSDT: +26.2% (Vol: $833.9M)
2025-07-13 22:19:08,379 | market_scanner | INFO |    3. AUCTIONUSDT: +24.6% (Vol: $483.6M)
2025-07-13 22:19:08,380 | market_scanner | INFO |    4. HBARUSDT: +22.6% (Vol: $476.1M)
2025-07-13 22:19:08,380 | market_scanner | INFO |    5. MAVIAUSDT: +22.5% (Vol: $17.4M)
2025-07-13 22:19:08,380 | market_scanner | INFO | Retrieved 21 latest candidates
2025-07-13 22:19:08,380 | __main__ | INFO | Processing 21 market candidates...
2025-07-13 22:19:11,098 | __main__ | INFO | Generated 0 high-quality signals (>=58% confidence)
2025-07-13 22:19:11,098 | __main__ | INFO | Continuous update cycle completed
2025-07-13 22:19:26,110 | __main__ | INFO | Auto-updating trading system...
2025-07-13 22:19:26,111 | market_scanner | INFO | Starting market scan #13
2025-07-13 22:19:26,247 | market_scanner | INFO | Found 449 active USDT futures pairs
2025-07-13 22:19:26,375 | market_scanner | INFO | Retrieved ticker data for 526 symbols
2025-07-13 22:19:26,377 | market_scanner | INFO | Scan #13 completed in 0.27s
2025-07-13 22:19:26,377 | market_scanner | INFO | Scanned 487 pairs, 21 candidates found
2025-07-13 22:19:26,377 | market_scanner | INFO | Top candidates:
2025-07-13 22:19:26,377 | market_scanner | INFO |    1. AINUSDT: +35.1% (Vol: $204.3M)
2025-07-13 22:19:26,377 | market_scanner | INFO |    2. PENGUUSDT: +26.6% (Vol: $834.3M)
2025-07-13 22:19:26,377 | market_scanner | INFO |    3. AUCTIONUSDT: +24.6% (Vol: $483.6M)
2025-07-13 22:19:26,378 | market_scanner | INFO |    4. MAVIAUSDT: +22.7% (Vol: $17.4M)
2025-07-13 22:19:26,378 | market_scanner | INFO |    5. HBARUSDT: +22.5% (Vol: $476.3M)
2025-07-13 22:19:26,378 | market_scanner | INFO | Retrieved 21 latest candidates
2025-07-13 22:19:26,378 | __main__ | INFO | Processing 21 market candidates...
2025-07-13 22:19:28,807 | __main__ | INFO | Generated 0 high-quality signals (>=58% confidence)
2025-07-13 22:19:28,808 | __main__ | INFO | Continuous update cycle completed
2025-07-13 22:19:43,813 | __main__ | INFO | Auto-updating trading system...
2025-07-13 22:19:43,814 | market_scanner | INFO | Starting market scan #14
2025-07-13 22:19:43,951 | market_scanner | INFO | Found 449 active USDT futures pairs
2025-07-13 22:19:44,080 | market_scanner | INFO | Retrieved ticker data for 526 symbols
2025-07-13 22:19:44,082 | market_scanner | INFO | Scan #14 completed in 0.27s
2025-07-13 22:19:44,082 | market_scanner | INFO | Scanned 487 pairs, 22 candidates found
2025-07-13 22:19:44,082 | market_scanner | INFO | Top candidates:
2025-07-13 22:19:44,082 | market_scanner | INFO |    1. AINUSDT: +35.2% (Vol: $204.4M)
2025-07-13 22:19:44,082 | market_scanner | INFO |    2. PENGUUSDT: +26.4% (Vol: $834.6M)
2025-07-13 22:19:44,082 | market_scanner | INFO |    3. AUCTIONUSDT: +24.9% (Vol: $483.7M)
2025-07-13 22:19:44,082 | market_scanner | INFO |    4. MAVIAUSDT: +22.7% (Vol: $17.4M)
2025-07-13 22:19:44,083 | market_scanner | INFO |    5. HBARUSDT: +22.3% (Vol: $476.8M)
2025-07-13 22:19:44,083 | market_scanner | INFO | Retrieved 22 latest candidates
2025-07-13 22:19:44,083 | __main__ | INFO | Processing 22 market candidates...
2025-07-13 22:19:46,640 | __main__ | INFO | Generated 0 high-quality signals (>=58% confidence)
2025-07-13 22:19:46,641 | __main__ | INFO | Continuous update cycle completed
2025-07-13 22:20:01,642 | __main__ | INFO | Auto-updating trading system...
2025-07-13 22:20:01,643 | market_scanner | INFO | Starting market scan #15
2025-07-13 22:20:01,777 | market_scanner | INFO | Found 449 active USDT futures pairs
2025-07-13 22:20:01,904 | market_scanner | INFO | Retrieved ticker data for 526 symbols
2025-07-13 22:20:01,906 | market_scanner | INFO | Scan #15 completed in 0.26s
2025-07-13 22:20:01,906 | market_scanner | INFO | Scanned 487 pairs, 22 candidates found
2025-07-13 22:20:01,906 | market_scanner | INFO | Top candidates:
2025-07-13 22:20:01,906 | market_scanner | INFO |    1. AINUSDT: +35.8% (Vol: $204.5M)
2025-07-13 22:20:01,906 | market_scanner | INFO |    2. PENGUUSDT: +26.5% (Vol: $834.9M)
2025-07-13 22:20:01,906 | market_scanner | INFO |    3. AUCTIONUSDT: +24.8% (Vol: $483.8M)
2025-07-13 22:20:01,906 | market_scanner | INFO |    4. HBARUSDT: +22.9% (Vol: $477.8M)
2025-07-13 22:20:01,907 | market_scanner | INFO |    5. MAVIAUSDT: +22.5% (Vol: $17.4M)
2025-07-13 22:20:01,907 | market_scanner | INFO | Retrieved 22 latest candidates
2025-07-13 22:20:01,907 | __main__ | INFO | Processing 22 market candidates...
2025-07-13 22:20:04,820 | __main__ | INFO | Generated 0 high-quality signals (>=58% confidence)
2025-07-13 22:20:04,820 | __main__ | INFO | Continuous update cycle completed
2025-07-13 22:20:19,828 | __main__ | INFO | Auto-updating trading system...
2025-07-13 22:20:19,829 | market_scanner | INFO | Starting market scan #16
2025-07-13 22:20:19,964 | market_scanner | INFO | Found 449 active USDT futures pairs
2025-07-13 22:20:20,094 | market_scanner | INFO | Retrieved ticker data for 526 symbols
2025-07-13 22:20:20,096 | market_scanner | INFO | Scan #16 completed in 0.27s
2025-07-13 22:20:20,096 | market_scanner | INFO | Scanned 487 pairs, 24 candidates found
2025-07-13 22:20:20,096 | market_scanner | INFO | Top candidates:
2025-07-13 22:20:20,096 | market_scanner | INFO |    1. AINUSDT: +36.7% (Vol: $204.5M)
2025-07-13 22:20:20,097 | market_scanner | INFO |    2. PENGUUSDT: +25.9% (Vol: $834.0M)
2025-07-13 22:20:20,097 | market_scanner | INFO |    3. AUCTIONUSDT: +25.0% (Vol: $483.9M)
2025-07-13 22:20:20,097 | market_scanner | INFO |    4. HBARUSDT: +23.1% (Vol: $478.2M)
2025-07-13 22:20:20,097 | market_scanner | INFO |    5. MAVIAUSDT: +22.8% (Vol: $17.5M)
2025-07-13 22:20:20,097 | market_scanner | INFO | Retrieved 24 latest candidates
2025-07-13 22:20:20,098 | __main__ | INFO | Processing 24 market candidates...
2025-07-13 22:20:22,838 | __main__ | INFO | Generated 0 high-quality signals (>=58% confidence)
2025-07-13 22:20:22,838 | __main__ | INFO | Continuous update cycle completed
2025-07-13 22:20:37,850 | __main__ | INFO | Auto-updating trading system...
2025-07-13 22:20:37,850 | market_scanner | INFO | Starting market scan #17
2025-07-13 22:20:37,985 | market_scanner | INFO | Found 449 active USDT futures pairs
2025-07-13 22:20:38,118 | market_scanner | INFO | Retrieved ticker data for 526 symbols
2025-07-13 22:20:38,120 | market_scanner | INFO | Scan #17 completed in 0.27s
2025-07-13 22:20:38,120 | market_scanner | INFO | Scanned 487 pairs, 28 candidates found
2025-07-13 22:20:38,121 | market_scanner | INFO | Top candidates:
2025-07-13 22:20:38,121 | market_scanner | INFO |    1. AINUSDT: +36.7% (Vol: $204.6M)
2025-07-13 22:20:38,121 | market_scanner | INFO |    2. PENGUUSDT: +26.0% (Vol: $834.1M)
2025-07-13 22:20:38,121 | market_scanner | INFO |    3. AUCTIONUSDT: +24.9% (Vol: $484.0M)
2025-07-13 22:20:38,121 | market_scanner | INFO |    4. HBARUSDT: +23.2% (Vol: $478.5M)
2025-07-13 22:20:38,121 | market_scanner | INFO |    5. MAVIAUSDT: +22.8% (Vol: $17.5M)
2025-07-13 22:20:38,122 | market_scanner | INFO | Retrieved 28 latest candidates
2025-07-13 22:20:38,122 | __main__ | INFO | Processing 28 market candidates...
2025-07-13 22:20:41,353 | __main__ | INFO | Generated 0 high-quality signals (>=58% confidence)
2025-07-13 22:20:41,353 | __main__ | INFO | Continuous update cycle completed
2025-07-13 22:20:56,353 | __main__ | INFO | Auto-updating trading system...
2025-07-13 22:20:56,357 | market_scanner | INFO | Starting market scan #18
2025-07-13 22:20:56,500 | market_scanner | INFO | Found 449 active USDT futures pairs
2025-07-13 22:20:56,702 | market_scanner | INFO | Retrieved ticker data for 526 symbols
2025-07-13 22:20:56,705 | market_scanner | INFO | Scan #18 completed in 0.35s
2025-07-13 22:20:56,705 | market_scanner | INFO | Scanned 487 pairs, 26 candidates found
2025-07-13 22:20:56,705 | market_scanner | INFO | Top candidates:
2025-07-13 22:20:56,705 | market_scanner | INFO |    1. AINUSDT: +36.9% (Vol: $204.7M)
2025-07-13 22:20:56,705 | market_scanner | INFO |    2. PENGUUSDT: +25.9% (Vol: $834.5M)
2025-07-13 22:20:56,706 | market_scanner | INFO |    3. AUCTIONUSDT: +24.5% (Vol: $484.0M)
2025-07-13 22:20:56,706 | market_scanner | INFO |    4. HBARUSDT: +23.1% (Vol: $478.9M)
2025-07-13 22:20:56,706 | market_scanner | INFO |    5. MAVIAUSDT: +23.1% (Vol: $17.5M)
2025-07-13 22:20:56,707 | market_scanner | INFO | Retrieved 26 latest candidates
2025-07-13 22:20:56,707 | __main__ | INFO | Processing 26 market candidates...
2025-07-13 22:20:59,771 | __main__ | INFO | Generated 0 high-quality signals (>=58% confidence)
2025-07-13 22:20:59,771 | __main__ | INFO | Continuous update cycle completed
2025-07-13 22:21:14,783 | __main__ | INFO | Auto-updating trading system...
2025-07-13 22:21:14,784 | market_scanner | INFO | Starting market scan #19
2025-07-13 22:21:14,923 | market_scanner | INFO | Found 449 active USDT futures pairs
2025-07-13 22:21:15,053 | market_scanner | INFO | Retrieved ticker data for 526 symbols
2025-07-13 22:21:15,055 | market_scanner | INFO | Scan #19 completed in 0.27s
2025-07-13 22:21:15,055 | market_scanner | INFO | Scanned 487 pairs, 24 candidates found
2025-07-13 22:21:15,055 | market_scanner | INFO | Top candidates:
2025-07-13 22:21:15,055 | market_scanner | INFO |    1. AINUSDT: +38.4% (Vol: $204.7M)
2025-07-13 22:21:15,056 | market_scanner | INFO |    2. PENGUUSDT: +25.4% (Vol: $833.9M)
2025-07-13 22:21:15,056 | market_scanner | INFO |    3. AUCTIONUSDT: +24.4% (Vol: $484.1M)
2025-07-13 22:21:15,056 | market_scanner | INFO |    4. HBARUSDT: +22.9% (Vol: $479.3M)
2025-07-13 22:21:15,056 | market_scanner | INFO |    5. MAVIAUSDT: +22.8% (Vol: $17.5M)
2025-07-13 22:21:15,056 | market_scanner | INFO | Retrieved 24 latest candidates
2025-07-13 22:21:15,056 | __main__ | INFO | Processing 24 market candidates...
2025-07-13 22:21:17,833 | __main__ | INFO | Generated 0 high-quality signals (>=58% confidence)
2025-07-13 22:21:17,833 | __main__ | INFO | Continuous update cycle completed
2025-07-13 22:21:32,834 | __main__ | INFO | Auto-updating trading system...
2025-07-13 22:21:32,835 | market_scanner | INFO | Starting market scan #20
2025-07-13 22:21:32,971 | market_scanner | INFO | Found 449 active USDT futures pairs
2025-07-13 22:21:33,100 | market_scanner | INFO | Retrieved ticker data for 526 symbols
2025-07-13 22:21:33,102 | market_scanner | INFO | Scan #20 completed in 0.27s
2025-07-13 22:21:33,102 | market_scanner | INFO | Scanned 487 pairs, 24 candidates found
2025-07-13 22:21:33,102 | market_scanner | INFO | Top candidates:
2025-07-13 22:21:33,102 | market_scanner | INFO |    1. AINUSDT: +37.6% (Vol: $204.8M)
2025-07-13 22:21:33,102 | market_scanner | INFO |    2. PENGUUSDT: +25.7% (Vol: $834.1M)
2025-07-13 22:21:33,103 | market_scanner | INFO |    3. AUCTIONUSDT: +24.1% (Vol: $484.3M)
2025-07-13 22:21:33,103 | market_scanner | INFO |    4. MAVIAUSDT: +23.1% (Vol: $17.5M)
2025-07-13 22:21:33,103 | market_scanner | INFO |    5. HBARUSDT: +22.8% (Vol: $479.5M)
2025-07-13 22:21:33,103 | market_scanner | INFO | Retrieved 24 latest candidates
2025-07-13 22:21:33,103 | __main__ | INFO | Processing 24 market candidates...
2025-07-13 22:21:35,894 | __main__ | INFO | Generated 0 high-quality signals (>=58% confidence)
2025-07-13 22:21:35,895 | __main__ | INFO | Continuous update cycle completed
2025-07-13 22:21:50,897 | __main__ | INFO | Auto-updating trading system...
2025-07-13 22:21:50,898 | market_scanner | INFO | Starting market scan #21
2025-07-13 22:21:51,034 | market_scanner | INFO | Found 449 active USDT futures pairs
2025-07-13 22:21:51,163 | market_scanner | INFO | Retrieved ticker data for 526 symbols
2025-07-13 22:21:51,165 | market_scanner | INFO | Scan #21 completed in 0.27s
2025-07-13 22:21:51,165 | market_scanner | INFO | Scanned 487 pairs, 25 candidates found
2025-07-13 22:21:51,165 | market_scanner | INFO | Top candidates:
2025-07-13 22:21:51,165 | market_scanner | INFO |    1. AINUSDT: +37.5% (Vol: $204.9M)
2025-07-13 22:21:51,165 | market_scanner | INFO |    2. PENGUUSDT: +25.6% (Vol: $834.3M)
2025-07-13 22:21:51,165 | market_scanner | INFO |    3. AUCTIONUSDT: +24.2% (Vol: $484.3M)
2025-07-13 22:21:51,166 | market_scanner | INFO |    4. MAVIAUSDT: +23.8% (Vol: $17.6M)
2025-07-13 22:21:51,166 | market_scanner | INFO |    5. HBARUSDT: +23.3% (Vol: $479.7M)
2025-07-13 22:21:51,166 | market_scanner | INFO | Retrieved 25 latest candidates
2025-07-13 22:21:51,166 | __main__ | INFO | Processing 25 market candidates...
2025-07-13 22:21:54,084 | __main__ | INFO | Generated 0 high-quality signals (>=58% confidence)
2025-07-13 22:21:54,085 | __main__ | INFO | Continuous update cycle completed
2025-07-13 22:22:09,089 | __main__ | INFO | Auto-updating trading system...
2025-07-13 22:22:09,089 | market_scanner | INFO | Starting market scan #22
2025-07-13 22:22:09,226 | market_scanner | INFO | Found 449 active USDT futures pairs
2025-07-13 22:22:09,356 | market_scanner | INFO | Retrieved ticker data for 526 symbols
2025-07-13 22:22:09,357 | market_scanner | INFO | Scan #22 completed in 0.27s
2025-07-13 22:22:09,357 | market_scanner | INFO | Scanned 487 pairs, 26 candidates found
2025-07-13 22:22:09,358 | market_scanner | INFO | Top candidates:
2025-07-13 22:22:09,358 | market_scanner | INFO |    1. AINUSDT: +37.7% (Vol: $204.8M)
2025-07-13 22:22:09,358 | market_scanner | INFO |    2. PENGUUSDT: +25.4% (Vol: $832.9M)
2025-07-13 22:22:09,358 | market_scanner | INFO |    3. AUCTIONUSDT: +23.8% (Vol: $484.4M)
2025-07-13 22:22:09,358 | market_scanner | INFO |    4. MAVIAUSDT: +22.8% (Vol: $17.6M)
2025-07-13 22:22:09,358 | market_scanner | INFO |    5. HBARUSDT: +22.8% (Vol: $480.0M)
2025-07-13 22:22:09,359 | market_scanner | INFO | Retrieved 26 latest candidates
2025-07-13 22:22:09,359 | __main__ | INFO | Processing 26 market candidates...
2025-07-13 22:22:12,381 | __main__ | INFO | Generated 0 high-quality signals (>=58% confidence)
2025-07-13 22:22:12,381 | __main__ | INFO | Continuous update cycle completed
2025-07-13 22:22:27,383 | __main__ | INFO | Auto-updating trading system...
2025-07-13 22:22:27,384 | market_scanner | INFO | Starting market scan #23
2025-07-13 22:22:27,516 | market_scanner | INFO | Found 449 active USDT futures pairs
2025-07-13 22:22:27,645 | market_scanner | INFO | Retrieved ticker data for 526 symbols
2025-07-13 22:22:27,647 | market_scanner | INFO | Scan #23 completed in 0.26s
2025-07-13 22:22:27,647 | market_scanner | INFO | Scanned 487 pairs, 26 candidates found
2025-07-13 22:22:27,647 | market_scanner | INFO | Top candidates:
2025-07-13 22:22:27,647 | market_scanner | INFO |    1. AINUSDT: +38.8% (Vol: $205.0M)
2025-07-13 22:22:27,648 | market_scanner | INFO |    2. PENGUUSDT: +25.6% (Vol: $833.8M)
2025-07-13 22:22:27,648 | market_scanner | INFO |    3. AUCTIONUSDT: +23.8% (Vol: $484.5M)
2025-07-13 22:22:27,648 | market_scanner | INFO |    4. MAVIAUSDT: +22.8% (Vol: $17.6M)
2025-07-13 22:22:27,648 | market_scanner | INFO |    5. HBARUSDT: +22.7% (Vol: $480.2M)
2025-07-13 22:22:27,648 | market_scanner | INFO | Retrieved 26 latest candidates
2025-07-13 22:22:27,648 | __main__ | INFO | Processing 26 market candidates...
2025-07-13 22:22:30,670 | __main__ | INFO | Generated 0 high-quality signals (>=58% confidence)
2025-07-13 22:22:30,670 | __main__ | INFO | Continuous update cycle completed
2025-07-13 22:22:45,680 | __main__ | INFO | Auto-updating trading system...
2025-07-13 22:22:45,681 | market_scanner | INFO | Starting market scan #24
2025-07-13 22:22:45,817 | market_scanner | INFO | Found 449 active USDT futures pairs
2025-07-13 22:22:45,945 | market_scanner | INFO | Retrieved ticker data for 526 symbols
2025-07-13 22:22:45,947 | market_scanner | INFO | Scan #24 completed in 0.27s
2025-07-13 22:22:45,947 | market_scanner | INFO | Scanned 487 pairs, 24 candidates found
2025-07-13 22:22:45,947 | market_scanner | INFO | Top candidates:
2025-07-13 22:22:45,948 | market_scanner | INFO |    1. AINUSDT: +38.8% (Vol: $205.1M)
2025-07-13 22:22:45,948 | market_scanner | INFO |    2. PENGUUSDT: +25.9% (Vol: $834.1M)
2025-07-13 22:22:45,948 | market_scanner | INFO |    3. AUCTIONUSDT: +23.9% (Vol: $484.6M)
2025-07-13 22:22:45,948 | market_scanner | INFO |    4. HBARUSDT: +22.9% (Vol: $480.4M)
2025-07-13 22:22:45,948 | market_scanner | INFO |    5. MAVIAUSDT: +22.9% (Vol: $17.7M)
2025-07-13 22:22:45,949 | market_scanner | INFO | Retrieved 24 latest candidates
2025-07-13 22:22:45,949 | __main__ | INFO | Processing 24 market candidates...
2025-07-13 22:22:48,769 | __main__ | INFO | Generated 0 high-quality signals (>=58% confidence)
2025-07-13 22:22:48,769 | __main__ | INFO | Continuous update cycle completed
2025-07-13 22:23:03,774 | __main__ | INFO | Auto-updating trading system...
2025-07-13 22:23:03,775 | market_scanner | INFO | Starting market scan #25
2025-07-13 22:23:03,909 | market_scanner | INFO | Found 449 active USDT futures pairs
2025-07-13 22:23:04,155 | market_scanner | INFO | Retrieved ticker data for 526 symbols
2025-07-13 22:23:04,157 | market_scanner | INFO | Scan #25 completed in 0.38s
2025-07-13 22:23:04,157 | market_scanner | INFO | Scanned 487 pairs, 24 candidates found
2025-07-13 22:23:04,157 | market_scanner | INFO | Top candidates:
2025-07-13 22:23:04,158 | market_scanner | INFO |    1. AINUSDT: +38.7% (Vol: $205.1M)
2025-07-13 22:23:04,158 | market_scanner | INFO |    2. PENGUUSDT: +26.4% (Vol: $835.2M)
2025-07-13 22:23:04,158 | market_scanner | INFO |    3. AUCTIONUSDT: +24.0% (Vol: $484.7M)
2025-07-13 22:23:04,158 | market_scanner | INFO |    4. HBARUSDT: +23.0% (Vol: $481.1M)
2025-07-13 22:23:04,158 | market_scanner | INFO |    5. MAVIAUSDT: +22.8% (Vol: $17.7M)
2025-07-13 22:23:04,158 | market_scanner | INFO | Retrieved 24 latest candidates
2025-07-13 22:23:04,159 | __main__ | INFO | Processing 24 market candidates...
2025-07-13 22:23:06,962 | __main__ | INFO | Generated 0 high-quality signals (>=58% confidence)
2025-07-13 22:23:06,962 | __main__ | INFO | Continuous update cycle completed
2025-07-13 22:23:21,972 | __main__ | INFO | Auto-updating trading system...
2025-07-13 22:23:21,973 | market_scanner | INFO | Starting market scan #26
2025-07-13 22:23:22,111 | market_scanner | INFO | Found 449 active USDT futures pairs
2025-07-13 22:23:22,242 | market_scanner | INFO | Retrieved ticker data for 526 symbols
2025-07-13 22:23:22,244 | market_scanner | INFO | Scan #26 completed in 0.27s
2025-07-13 22:23:22,244 | market_scanner | INFO | Scanned 487 pairs, 25 candidates found
2025-07-13 22:23:22,244 | market_scanner | INFO | Top candidates:
2025-07-13 22:23:22,245 | market_scanner | INFO |    1. AINUSDT: +40.2% (Vol: $205.2M)
2025-07-13 22:23:22,245 | market_scanner | INFO |    2. PENGUUSDT: +26.2% (Vol: $835.8M)
2025-07-13 22:23:22,245 | market_scanner | INFO |    3. AUCTIONUSDT: +24.2% (Vol: $484.7M)
2025-07-13 22:23:22,245 | market_scanner | INFO |    4. HBARUSDT: +22.9% (Vol: $481.9M)
2025-07-13 22:23:22,245 | market_scanner | INFO |    5. MAVIAUSDT: +22.7% (Vol: $17.7M)
2025-07-13 22:23:22,246 | market_scanner | INFO | Retrieved 25 latest candidates
2025-07-13 22:23:22,246 | __main__ | INFO | Processing 25 market candidates...
2025-07-13 22:23:25,166 | __main__ | INFO | Generated 0 high-quality signals (>=58% confidence)
2025-07-13 22:23:25,167 | __main__ | INFO | Continuous update cycle completed
2025-07-13 22:23:40,177 | __main__ | INFO | Auto-updating trading system...
2025-07-13 22:23:40,178 | market_scanner | INFO | Starting market scan #27
2025-07-13 22:23:40,320 | market_scanner | INFO | Found 449 active USDT futures pairs
2025-07-13 22:23:40,450 | market_scanner | INFO | Retrieved ticker data for 526 symbols
2025-07-13 22:23:40,452 | market_scanner | INFO | Scan #27 completed in 0.27s
2025-07-13 22:23:40,452 | market_scanner | INFO | Scanned 487 pairs, 25 candidates found
2025-07-13 22:23:40,452 | market_scanner | INFO | Top candidates:
2025-07-13 22:23:40,453 | market_scanner | INFO |    1. AINUSDT: +40.2% (Vol: $205.3M)
2025-07-13 22:23:40,453 | market_scanner | INFO |    2. PENGUUSDT: +26.7% (Vol: $838.3M)
2025-07-13 22:23:40,453 | market_scanner | INFO |    3. AUCTIONUSDT: +24.4% (Vol: $484.8M)
2025-07-13 22:23:40,453 | market_scanner | INFO |    4. HBARUSDT: +22.8% (Vol: $482.2M)
2025-07-13 22:23:40,453 | market_scanner | INFO |    5. MAVIAUSDT: +22.6% (Vol: $17.7M)
2025-07-13 22:23:40,454 | market_scanner | INFO | Retrieved 25 latest candidates
2025-07-13 22:23:40,454 | __main__ | INFO | Processing 25 market candidates...
2025-07-13 22:23:43,355 | __main__ | INFO | Generated 0 high-quality signals (>=58% confidence)
2025-07-13 22:23:43,355 | __main__ | INFO | Continuous update cycle completed
2025-07-13 22:23:58,359 | __main__ | INFO | Auto-updating trading system...
2025-07-13 22:23:58,360 | market_scanner | INFO | Starting market scan #28
2025-07-13 22:23:58,496 | market_scanner | INFO | Found 449 active USDT futures pairs
2025-07-13 22:23:58,624 | market_scanner | INFO | Retrieved ticker data for 526 symbols
2025-07-13 22:23:58,626 | market_scanner | INFO | Scan #28 completed in 0.27s
2025-07-13 22:23:58,626 | market_scanner | INFO | Scanned 487 pairs, 24 candidates found
2025-07-13 22:23:58,626 | market_scanner | INFO | Top candidates:
2025-07-13 22:23:58,626 | market_scanner | INFO |    1. AINUSDT: +40.5% (Vol: $205.4M)
2025-07-13 22:23:58,627 | market_scanner | INFO |    2. PENGUUSDT: +26.5% (Vol: $838.7M)
2025-07-13 22:23:58,627 | market_scanner | INFO |    3. AUCTIONUSDT: +24.4% (Vol: $484.8M)
2025-07-13 22:23:58,627 | market_scanner | INFO |    4. MAVIAUSDT: +23.3% (Vol: $17.7M)
2025-07-13 22:23:58,627 | market_scanner | INFO |    5. HBARUSDT: +22.9% (Vol: $482.3M)
2025-07-13 22:23:58,628 | market_scanner | INFO | Retrieved 24 latest candidates
2025-07-13 22:23:58,628 | __main__ | INFO | Processing 24 market candidates...
2025-07-13 22:24:01,686 | __main__ | INFO | Generated 0 high-quality signals (>=58% confidence)
2025-07-13 22:24:01,687 | __main__ | INFO | Continuous update cycle completed
2025-07-13 22:24:16,694 | __main__ | INFO | Auto-updating trading system...
2025-07-13 22:24:16,695 | market_scanner | INFO | Starting market scan #29
2025-07-13 22:24:16,832 | market_scanner | INFO | Found 449 active USDT futures pairs
2025-07-13 22:24:16,963 | market_scanner | INFO | Retrieved ticker data for 526 symbols
2025-07-13 22:24:16,965 | market_scanner | INFO | Scan #29 completed in 0.27s
2025-07-13 22:24:16,965 | market_scanner | INFO | Scanned 487 pairs, 25 candidates found
2025-07-13 22:24:16,965 | market_scanner | INFO | Top candidates:
2025-07-13 22:24:16,965 | market_scanner | INFO |    1. AINUSDT: +42.6% (Vol: $205.6M)
2025-07-13 22:24:16,965 | market_scanner | INFO |    2. PENGUUSDT: +28.4% (Vol: $845.0M)
2025-07-13 22:24:16,966 | market_scanner | INFO |    3. AUCTIONUSDT: +24.6% (Vol: $484.9M)
2025-07-13 22:24:16,966 | market_scanner | INFO |    4. MAVIAUSDT: +23.1% (Vol: $17.7M)
2025-07-13 22:24:16,966 | market_scanner | INFO |    5. HBARUSDT: +22.6% (Vol: $483.1M)
2025-07-13 22:24:16,966 | market_scanner | INFO | Retrieved 25 latest candidates
2025-07-13 22:24:16,966 | __main__ | INFO | Processing 25 market candidates...
2025-07-13 22:24:19,881 | __main__ | INFO | Generated 0 high-quality signals (>=58% confidence)
2025-07-13 22:24:19,881 | __main__ | INFO | Continuous update cycle completed
2025-07-13 22:24:34,891 | __main__ | INFO | Auto-updating trading system...
2025-07-13 22:24:34,892 | market_scanner | INFO | Starting market scan #30
2025-07-13 22:24:35,026 | market_scanner | INFO | Found 449 active USDT futures pairs
2025-07-13 22:24:35,156 | market_scanner | INFO | Retrieved ticker data for 526 symbols
2025-07-13 22:24:35,157 | market_scanner | INFO | Scan #30 completed in 0.27s
2025-07-13 22:24:35,158 | market_scanner | INFO | Scanned 487 pairs, 24 candidates found
2025-07-13 22:24:35,158 | market_scanner | INFO | Top candidates:
2025-07-13 22:24:35,158 | market_scanner | INFO |    1. AINUSDT: +44.9% (Vol: $206.5M)
2025-07-13 22:24:35,158 | market_scanner | INFO |    2. PENGUUSDT: +29.7% (Vol: $846.8M)
2025-07-13 22:24:35,158 | market_scanner | INFO |    3. AUCTIONUSDT: +24.6% (Vol: $484.9M)
2025-07-13 22:24:35,158 | market_scanner | INFO |    4. MAVIAUSDT: +23.4% (Vol: $17.7M)
2025-07-13 22:24:35,158 | market_scanner | INFO |    5. HBARUSDT: +21.9% (Vol: $484.0M)
2025-07-13 22:24:35,159 | market_scanner | INFO | Retrieved 24 latest candidates
2025-07-13 22:24:35,159 | __main__ | INFO | Processing 24 market candidates...
2025-07-13 22:24:38,202 | __main__ | INFO | Generated 0 high-quality signals (>=58% confidence)
2025-07-13 22:24:38,202 | __main__ | INFO | Continuous update cycle completed
